date
Generated MAC: 29:D3:29:2D:94:AC
date
Generated MAC: D2:D1:82:58:20:5A
date
Generated MAC: B0:06:3E:2E:24:F4
date
Generated MAC: 14:C6:47:6C:E1:48
date
Generated MAC: AD:4C:D1:AA:DB:0C
date
Generated MAC: 07:09:FC:6F:29:38
date
Generated MAC: 31:C2:76:39:BF:B1
=========================================================================
date
Generated MAC: 09:05:90:EA:C2:72
=========================================================================
=========================================================================
date
Generated MAC: 56:13:93:74:8C:21
=========================================================================
=========================================================================
date
Generated MAC: 95:9F:A4:8D:46:7D
=========================================================================
=========================================================================
date
Generated MAC: C4:D2:59:71:81:C5
=========================================================================
=========================================================================
date
Generated MAC: C1:C5:1C:0A:50:04
=========================================================================
=========================================================================
date
Generated MAC: 83:97:ED:BE:41:0D
=========================================================================
=========================================================================
date
Generated MAC: FC:07:DC:A2:01:F5
=========================================================================
=========================================================================
date
Generated MAC: 67:C1:75:05:6C:B8
=========================================================================
=========================================================================
date
Generated MAC: FE:5C:90:06:7B:51
=========================================================================
=========================================================================
date
Generated MAC: 92:C9:26:DE:34:18
=========================================================================
=========================================================================
date
Generated MAC: 05:F9:43:A2:94:ED
=========================================================================
=========================================================================
date
Generated MAC: CA:95:A1:57:AD:BA
=========================================================================
=========================================================================
date
Generated MAC: D9:1B:F8:4F:A1:1E
=========================================================================
=========================================================================
date
Generated MAC: 54:D6:A8:68:3A:22
=========================================================================
=========================================================================
date
Generated MAC: 69:D4:79:F9:88:6A
=========================================================================
=========================================================================
date
Generated MAC: 52:54:F0:99:C2:C7
=========================================================================
=========================================================================
date
Generated MAC: 52:54:70:C9:1A:BA
=========================================================================
